{
  "stats": {
    "suites": 21,
    "tests": 46,
    "passes": 44,
    "pending": 0,
    "failures": 2,
    "start": "2022-02-17T23:54:16.985Z",
    "end": "2022-02-17T23:59:12.294Z",
    "duration": 172729,
    "testsRegistered": 46,
    "passPercent": 95.65217391304348,
    "pendingPercent": 0,
    "other": 0,
    "hasOther": false,
    "skipped": 0,
    "hasSkipped": false
  },
  "results": [
    {
      "uuid": "5318f2d4-3ce7-445f-8e82-ab11394fcdfb",
      "title": "",
      "fullFile": "cypress/integration/automation-tester/contact-us.js",
      "file": "cypress/integration/automation-tester/contact-us.js",
      "beforeHooks": [],
      "afterHooks": [],
      "tests": [],
      "suites": [
        {
          "uuid": "cd2e9dc2-3880-4932-8119-3e01e8a2a09a",
          "title": "test contact us form via web driver uni",
          "fullFile": "",
          "file": "",
          "beforeHooks": [],
          "afterHooks": [],
          "tests": [
            {
              "title": "should be able to able to submit a successful submission via contact us form",
              "fullTitle": "test contact us form via web driver uni should be able to able to submit a successful submission via contact us form",
              "timedOut": null,
              "duration": 9555,
              "state": "passed",
              "speed": "medium",
              "pass": true,
              "fail": false,
              "pending": false,
              "context": null,
              "code": "cy.visit(\"https://www.automationteststore.com/\");\ncy.get('a[href$=\"contact\"]').click();\ncy.get(\"@user\").then(user => {\n  cy.get('#ContactUsFrm_first_name').type(user.first_name);\n  cy.get('#ContactUsFrm_email').type(user.email);\n});\ncy.get('#ContactUsFrm_enquiry').type(\" i am tester\");\ncy.get('button[title=\"Submit\"]').click();\ncy.get('.mb40 > :nth-child(3)').should('have.text', 'Your enquiry has been successfully sent to the store owner!');",
              "err": {},
              "uuid": "662cc0eb-fb34-4b7d-9fe7-efbf8c46c4ed",
              "parentUUID": "cd2e9dc2-3880-4932-8119-3e01e8a2a09a",
              "isHook": false,
              "skipped": false
            },
            {
              "title": "should not be able to able to submit a successful submission via contact us form as all fileds are required",
              "fullTitle": "test contact us form via web driver uni should not be able to able to submit a successful submission via contact us form as all fileds are required",
              "timedOut": null,
              "duration": 451,
              "state": "passed",
              "speed": "fast",
              "pass": true,
              "fail": false,
              "pending": false,
              "context": null,
              "code": "// cy.visit(\"http://www.webdriveruniversity.com/Contact-Us/contactus.html\");\n    // cy.get('[name=\"first_name\"]').type(\"Bipan\");\n    // cy.get('[name=\"last_name\"]').type(\"Gill\");\n    // cy.get('textarea.feedback-input').type(\"i am tewster\");\n    // cy.get('[type=\"submit\"]').click();",
              "err": {},
              "uuid": "b44f21e3-9f71-4402-a1e0-08a88d6620c2",
              "parentUUID": "cd2e9dc2-3880-4932-8119-3e01e8a2a09a",
              "isHook": false,
              "skipped": false
            }
          ],
          "suites": [],
          "passes": [
            "662cc0eb-fb34-4b7d-9fe7-efbf8c46c4ed",
            "b44f21e3-9f71-4402-a1e0-08a88d6620c2"
          ],
          "failures": [],
          "pending": [],
          "skipped": [],
          "duration": 10006,
          "root": false,
          "rootEmpty": false,
          "_timeout": 2000
        }
      ],
      "passes": [],
      "failures": [],
      "pending": [],
      "skipped": [],
      "duration": 0,
      "root": true,
      "rootEmpty": true,
      "_timeout": 2000
    },
    {
      "uuid": "917b2bb7-09fe-4c86-9abc-c6a82424aa39",
      "title": "",
      "fullFile": "cypress/integration/automation-tester/inspect-product.js",
      "file": "cypress/integration/automation-tester/inspect-product.js",
      "beforeHooks": [],
      "afterHooks": [],
      "tests": [],
      "suites": [
        {
          "uuid": "2e29dfb8-40dd-4634-b722-e6182b79e2a4",
          "title": "inspect the product for testing",
          "fullFile": "",
          "file": "",
          "beforeHooks": [],
          "afterHooks": [],
          "tests": [
            {
              "title": "inspect  a single product",
              "fullTitle": "inspect the product for testing inspect  a single product",
              "timedOut": null,
              "duration": 8179,
              "state": "passed",
              "speed": "medium",
              "pass": true,
              "fail": false,
              "pending": false,
              "context": null,
              "code": "cy.visit(\"https://www.automationteststore.com/\");\ncy.get('.prdocutname').contains(\"Skinsheen Bronzer Stick\").click().then(function (pName) {\n  cy.log(\"product is clicked\" + pName.text());\n});",
              "err": {},
              "uuid": "a7fffdc0-b4c2-4ecc-971f-819df2d5bbcf",
              "parentUUID": "2e29dfb8-40dd-4634-b722-e6182b79e2a4",
              "isHook": false,
              "skipped": false
            }
          ],
          "suites": [],
          "passes": [
            "a7fffdc0-b4c2-4ecc-971f-819df2d5bbcf"
          ],
          "failures": [],
          "pending": [],
          "skipped": [],
          "duration": 8179,
          "root": false,
          "rootEmpty": false,
          "_timeout": 2000
        }
      ],
      "passes": [],
      "failures": [],
      "pending": [],
      "skipped": [],
      "duration": 0,
      "root": true,
      "rootEmpty": true,
      "_timeout": 2000
    },
    {
      "uuid": "acb5d727-dce2-4909-8c3c-e5571967bbd7",
      "title": "",
      "fullFile": "cypress/integration/automation-tester/iterate-over-elements.js",
      "file": "cypress/integration/automation-tester/iterate-over-elements.js",
      "beforeHooks": [],
      "afterHooks": [],
      "tests": [],
      "suites": [
        {
          "uuid": "0c8aa646-4d0d-4fbc-b8b4-5a43dde3862b",
          "title": "iterate over all hair care products",
          "fullFile": "",
          "file": "",
          "beforeHooks": [],
          "afterHooks": [],
          "tests": [
            {
              "title": "display index of all haircare products",
              "fullTitle": "iterate over all hair care products display index of all haircare products",
              "timedOut": null,
              "duration": 7210,
              "state": "passed",
              "speed": "medium",
              "pass": true,
              "fail": false,
              "pending": false,
              "context": null,
              "code": "cy.get(\".fixed_wrapper .prdocutname\").each(($el, index, $list) => {\n  cy.log(\"Index: \" + index + \":\" + $el.text());\n});",
              "err": {},
              "uuid": "eff5a78e-8f62-4dcb-a73a-f954161a455b",
              "parentUUID": "0c8aa646-4d0d-4fbc-b8b4-5a43dde3862b",
              "isHook": false,
              "skipped": false
            },
            {
              "title": "add specific product to shopping cart",
              "fullTitle": "iterate over all hair care products add specific product to shopping cart",
              "timedOut": null,
              "duration": 6488,
              "state": "passed",
              "speed": "medium",
              "pass": true,
              "fail": false,
              "pending": false,
              "context": null,
              "code": "cy.selectProduct(\"Curls to straight Shampoo\");",
              "err": {},
              "uuid": "989b29f7-b2eb-4b58-b1cc-fb929cd6d705",
              "parentUUID": "0c8aa646-4d0d-4fbc-b8b4-5a43dde3862b",
              "isHook": false,
              "skipped": false
            },
            {
              "title": "add  Another specific product to shopping cart",
              "fullTitle": "iterate over all hair care products add  Another specific product to shopping cart",
              "timedOut": null,
              "duration": 6652,
              "state": "passed",
              "speed": "medium",
              "pass": true,
              "fail": false,
              "pending": false,
              "context": null,
              "code": "cy.selectProduct(\"Seaweed Conditioner\");",
              "err": {},
              "uuid": "c312f810-f5a9-462c-b34a-51bb6dc34e3f",
              "parentUUID": "0c8aa646-4d0d-4fbc-b8b4-5a43dde3862b",
              "isHook": false,
              "skipped": false
            },
            {
              "title": "add  Another specific product2 to shopping cart",
              "fullTitle": "iterate over all hair care products add  Another specific product2 to shopping cart",
              "timedOut": null,
              "duration": 7132,
              "state": "passed",
              "speed": "medium",
              "pass": true,
              "fail": false,
              "pending": false,
              "context": null,
              "code": "cy.selectProduct(\"Eau Parfumee au The Vert Shampoo\");",
              "err": {},
              "uuid": "de4045ff-5d1b-4645-ba81-e3e8fbffaea8",
              "parentUUID": "0c8aa646-4d0d-4fbc-b8b4-5a43dde3862b",
              "isHook": false,
              "skipped": false
            }
          ],
          "suites": [],
          "passes": [
            "eff5a78e-8f62-4dcb-a73a-f954161a455b",
            "989b29f7-b2eb-4b58-b1cc-fb929cd6d705",
            "c312f810-f5a9-462c-b34a-51bb6dc34e3f",
            "de4045ff-5d1b-4645-ba81-e3e8fbffaea8"
          ],
          "failures": [],
          "pending": [],
          "skipped": [],
          "duration": 27482,
          "root": false,
          "rootEmpty": false,
          "_timeout": 2000
        }
      ],
      "passes": [],
      "failures": [],
      "pending": [],
      "skipped": [],
      "duration": 0,
      "root": true,
      "rootEmpty": true,
      "_timeout": 2000
    },
    {
      "uuid": "82802053-cffd-40ef-a9e5-776fe4158e11",
      "title": "",
      "fullFile": "cypress/integration/automation-tester/select-multi-products.js",
      "file": "cypress/integration/automation-tester/select-multi-products.js",
      "beforeHooks": [],
      "afterHooks": [],
      "tests": [],
      "suites": [
        {
          "uuid": "556d0a23-ec54-498a-a25f-ef577976721f",
          "title": "add multiple items to basket",
          "fullFile": "",
          "file": "",
          "beforeHooks": [],
          "afterHooks": [],
          "tests": [
            {
              "title": "Add specific items to basket",
              "fullTitle": "add multiple items to basket Add specific items to basket",
              "timedOut": null,
              "duration": 7911,
              "state": "passed",
              "speed": "medium",
              "pass": true,
              "fail": false,
              "pending": false,
              "context": null,
              "code": "autoStore_HairCare_PO.addHaircareProductsToBasket();",
              "err": {},
              "uuid": "558154d4-f557-4dfe-a44c-a792a8a98fc3",
              "parentUUID": "556d0a23-ec54-498a-a25f-ef577976721f",
              "isHook": false,
              "skipped": false
            }
          ],
          "suites": [],
          "passes": [
            "558154d4-f557-4dfe-a44c-a792a8a98fc3"
          ],
          "failures": [],
          "pending": [],
          "skipped": [],
          "duration": 7911,
          "root": false,
          "rootEmpty": false,
          "_timeout": 2000
        }
      ],
      "passes": [],
      "failures": [],
      "pending": [],
      "skipped": [],
      "duration": 0,
      "root": true,
      "rootEmpty": true,
      "_timeout": 2000
    },
    {
      "uuid": "37dfaf76-6ada-490e-a2a1-ac2968b65d1e",
      "title": "",
      "fullFile": "cypress/integration/automation-tester/variable.js",
      "file": "cypress/integration/automation-tester/variable.js",
      "beforeHooks": [],
      "afterHooks": [],
      "tests": [],
      "suites": [
        {
          "uuid": "9d56da08-07d8-426f-a1b8-67d601aac3fe",
          "title": "use varible in promises",
          "fullFile": "",
          "file": "",
          "beforeHooks": [],
          "afterHooks": [],
          "tests": [
            {
              "title": "validateing the fields of contact us form",
              "fullTitle": "use varible in promises validateing the fields of contact us form",
              "timedOut": null,
              "duration": 3572,
              "state": "passed",
              "speed": "fast",
              "pass": true,
              "fail": false,
              "pending": false,
              "context": null,
              "code": "cy.visit(\"https://automationteststore.com/index.php?rt=content/contact\"); // Uses cypress commands and chaining    \ncy.contains('#ContactUsFrm', 'Contact Us Form').find('#field_11').should('contain', 'First name'); // JQuery Approach\ncy.contains('#ContactUsFrm', 'Contact Us Form').then(text => {\n  const firstNameText = text.find('#field_11').text();\n  expect(firstNameText).to.contain('First name'); //Embedded commands closure\n  cy.get('#field_11').then(fnText => {\n    cy.log(fnText.text());\n    cy.log(fnText);\n  });\n});",
              "err": {},
              "uuid": "98c1b0e2-df6e-4bfc-96da-1305c8387bdf",
              "parentUUID": "9d56da08-07d8-426f-a1b8-67d601aac3fe",
              "isHook": false,
              "skipped": false
            }
          ],
          "suites": [],
          "passes": [
            "98c1b0e2-df6e-4bfc-96da-1305c8387bdf"
          ],
          "failures": [],
          "pending": [],
          "skipped": [],
          "duration": 3572,
          "root": false,
          "rootEmpty": false,
          "_timeout": 2000
        }
      ],
      "passes": [],
      "failures": [],
      "pending": [],
      "skipped": [],
      "duration": 0,
      "root": true,
      "rootEmpty": true,
      "_timeout": 2000
    },
    {
      "uuid": "48fe402d-d726-4d06-a667-38d852830766",
      "title": "",
      "fullFile": "cypress/integration/other/same-origin-policy.js",
      "file": "cypress/integration/other/same-origin-policy.js",
      "beforeHooks": [],
      "afterHooks": [],
      "tests": [],
      "suites": [
        {
          "uuid": "f4600b85-dc36-41c2-b409-c8f36df14a06",
          "title": "Cypress web security",
          "fullFile": "",
          "file": "",
          "beforeHooks": [],
          "afterHooks": [],
          "tests": [
            {
              "title": "validate visiting two different domains via user action",
              "fullTitle": "Cypress web security validate visiting two different domains via user action",
              "timedOut": null,
              "duration": 5762,
              "state": "passed",
              "speed": "medium",
              "pass": true,
              "fail": false,
              "pending": false,
              "context": null,
              "code": "cy.visit(\"http://www.webdriveruniversity.com/\");\ncy.get('#automation-test-store').invoke('removeAttr', 'target').click();",
              "err": {},
              "uuid": "ba9d2f5c-80af-41ef-8854-2e5d6a8cc24c",
              "parentUUID": "f4600b85-dc36-41c2-b409-c8f36df14a06",
              "isHook": false,
              "skipped": false
            }
          ],
          "suites": [],
          "passes": [
            "ba9d2f5c-80af-41ef-8854-2e5d6a8cc24c"
          ],
          "failures": [],
          "pending": [],
          "skipped": [],
          "duration": 5762,
          "root": false,
          "rootEmpty": false,
          "_timeout": 2000
        }
      ],
      "passes": [],
      "failures": [],
      "pending": [],
      "skipped": [],
      "duration": 0,
      "root": true,
      "rootEmpty": true,
      "_timeout": 2000
    },
    {
      "uuid": "fc9978a6-4d6c-4b90-9238-7f0b9b892614",
      "title": "",
      "fullFile": "cypress/integration/webdriveruni/autocomplete-dropdown-list.js",
      "file": "cypress/integration/webdriveruni/autocomplete-dropdown-list.js",
      "beforeHooks": [],
      "afterHooks": [],
      "tests": [],
      "suites": [
        {
          "uuid": "d28dc56e-a90e-4524-a113-4f3669c7341d",
          "title": "Autocomplete list",
          "fullFile": "",
          "file": "",
          "beforeHooks": [],
          "afterHooks": [],
          "tests": [
            {
              "title": "select value from autocomplete dropdown list",
              "fullTitle": "Autocomplete list select value from autocomplete dropdown list",
              "timedOut": null,
              "duration": 3311,
              "state": "passed",
              "speed": "fast",
              "pass": true,
              "fail": false,
              "pending": false,
              "context": null,
              "code": "cy.visit(\"http://www.webdriveruniversity.com/\");\ncy.get(\"#autocomplete-textfield\").invoke(\"removeAttr\", 'target').click({\n  force: true\n});\ncy.get(\"#myInput\").type(\"A\");\ncy.get(\"#myInputautocomplete-list> *\").each(($el, index, $list) => {\n  const prod = $el.text();\n  const productToSelect = 'Avacado';\n  if (prod === productToSelect) {\n    // $el.click();\n    $el.trigger(\"click\");\n    cy.get(\"#submit-button\").click();\n    cy.url().should('include', productToSelect);\n  }\n}).then(() => {\n  cy.get(\"#myInput\").type(\"G\");\n  cy.get(\"#myInputautocomplete-list> *\").each(($el, index, $list) => {\n    const prod = $el.text();\n    const productToSelect = 'Grapes';\n    if (prod === productToSelect) {\n      //  $el.click();\n      $el.trigger(\"click\");\n      cy.get(\"#submit-button\").click();\n      cy.url().should('include', productToSelect);\n    }\n  });\n});",
              "err": {},
              "uuid": "de3c40b9-72c3-4861-9b89-d65fcb12d7f3",
              "parentUUID": "d28dc56e-a90e-4524-a113-4f3669c7341d",
              "isHook": false,
              "skipped": false
            }
          ],
          "suites": [],
          "passes": [
            "de3c40b9-72c3-4861-9b89-d65fcb12d7f3"
          ],
          "failures": [],
          "pending": [],
          "skipped": [],
          "duration": 3311,
          "root": false,
          "rootEmpty": false,
          "_timeout": 2000
        }
      ],
      "passes": [],
      "failures": [],
      "pending": [],
      "skipped": [],
      "duration": 0,
      "root": true,
      "rootEmpty": true,
      "_timeout": 2000
    },
    {
      "uuid": "a2b166a3-eafa-437c-955f-7e87e3cdb9ac",
      "title": "",
      "fullFile": "cypress/integration/webdriveruni/browser-navigation.js",
      "file": "cypress/integration/webdriveruni/browser-navigation.js",
      "beforeHooks": [],
      "afterHooks": [],
      "tests": [],
      "suites": [
        {
          "uuid": "4988779a-4f50-4697-a70b-0efe4f674d50",
          "title": "validate webdriverUni homepage links ",
          "fullFile": "",
          "file": "",
          "beforeHooks": [],
          "afterHooks": [],
          "tests": [
            {
              "title": "Confirm links redirect to correct page ",
              "fullTitle": "validate webdriverUni homepage links  Confirm links redirect to correct page ",
              "timedOut": null,
              "duration": 5720,
              "state": "passed",
              "speed": "medium",
              "pass": true,
              "fail": false,
              "pending": false,
              "context": null,
              "code": "cy.visit(\"http://www.webdriveruniversity.com/\");\ncy.get(\"#contact-us\").invoke('removeAttr', 'target').click();\ncy.url().should('include', 'contactus');\ncy.go('back');\ncy.reload();\ncy.url().should('include', 'http://www.webdriveruniversity.com/');\ncy.go('forward');\ncy.url().should('include', 'contactus');\ncy.go('back');\ncy.get('#login-portal').invoke('removeAttr', 'target').click();\ncy.url().should('include', 'Login-Portal');\ncy.go('back');\ncy.get('#to-do-list').invoke('removeAttr', 'target').click();\ncy.url().should('include', 'To-Do-List');",
              "err": {},
              "uuid": "8d87806a-1be4-4edf-a612-c52fcf903def",
              "parentUUID": "4988779a-4f50-4697-a70b-0efe4f674d50",
              "isHook": false,
              "skipped": false
            }
          ],
          "suites": [],
          "passes": [
            "8d87806a-1be4-4edf-a612-c52fcf903def"
          ],
          "failures": [],
          "pending": [],
          "skipped": [],
          "duration": 5720,
          "root": false,
          "rootEmpty": false,
          "_timeout": 2000
        }
      ],
      "passes": [],
      "failures": [],
      "pending": [],
      "skipped": [],
      "duration": 0,
      "root": true,
      "rootEmpty": true,
      "_timeout": 2000
    },
    {
      "uuid": "2d184fca-e21f-46c5-892c-1a28c5132796",
      "title": "",
      "fullFile": "cypress/integration/webdriveruni/checkboxes.js",
      "file": "cypress/integration/webdriveruni/checkboxes.js",
      "beforeHooks": [],
      "afterHooks": [],
      "tests": [],
      "suites": [
        {
          "uuid": "ee25bd00-61b6-465a-8a0f-bea81bab3ada",
          "title": "Verify checkboxes via webdriverUni",
          "fullFile": "",
          "file": "",
          "beforeHooks": [],
          "afterHooks": [],
          "tests": [
            {
              "title": "Check and validate Checkbox",
              "fullTitle": "Verify checkboxes via webdriverUni Check and validate Checkbox",
              "timedOut": null,
              "duration": 1531,
              "state": "passed",
              "speed": "fast",
              "pass": true,
              "fail": false,
              "pending": false,
              "context": null,
              "code": "// cy.get('#checkboxes > :nth-child(1) > input').check();\n// cy.get('#checkboxes > :nth-child(1) > input').check().should('be.checked');\ncy.get('#checkboxes > :nth-child(1) > input').as('option-1');\ncy.get('@option-1').check();\ncy.get('@option-1').check().should('be.checked');",
              "err": {},
              "uuid": "6ab34aad-76a0-495d-8d26-51d14b00bdab",
              "parentUUID": "ee25bd00-61b6-465a-8a0f-bea81bab3ada",
              "isHook": false,
              "skipped": false
            },
            {
              "title": "Uncheck and validate Checkbox",
              "fullTitle": "Verify checkboxes via webdriverUni Uncheck and validate Checkbox",
              "timedOut": null,
              "duration": 695,
              "state": "passed",
              "speed": "fast",
              "pass": true,
              "fail": false,
              "pending": false,
              "context": null,
              "code": "// cy.get('#checkboxes > :nth-child(1) > input').check();\n// cy.get('#checkboxes > :nth-child(1) > input').check().should('be.checked');\ncy.get(':nth-child(5) > input').as('option-3');\ncy.get('@option-3').uncheck();\ncy.get('@option-3').uncheck().should('not.be.checked');",
              "err": {},
              "uuid": "3483488b-3718-4d0e-8b43-77c7a45dae27",
              "parentUUID": "ee25bd00-61b6-465a-8a0f-bea81bab3ada",
              "isHook": false,
              "skipped": false
            },
            {
              "title": "Check Multiple checkboxes",
              "fullTitle": "Verify checkboxes via webdriverUni Check Multiple checkboxes",
              "timedOut": null,
              "duration": 728,
              "state": "passed",
              "speed": "fast",
              "pass": true,
              "fail": false,
              "pending": false,
              "context": null,
              "code": "// cy.get('#checkboxes > :nth-child(1) > input').check();\n// cy.get('#checkboxes > :nth-child(1) > input').check().should('be.checked');\ncy.get(\"input[type='checkbox']\").check(['option-1', 'option-2', 'option-3', 'option-4']).should('be.checked');",
              "err": {},
              "uuid": "659c6cdb-b3ae-4120-9cd6-44d2343c0e24",
              "parentUUID": "ee25bd00-61b6-465a-8a0f-bea81bab3ada",
              "isHook": false,
              "skipped": false
            }
          ],
          "suites": [],
          "passes": [
            "6ab34aad-76a0-495d-8d26-51d14b00bdab",
            "3483488b-3718-4d0e-8b43-77c7a45dae27",
            "659c6cdb-b3ae-4120-9cd6-44d2343c0e24"
          ],
          "failures": [],
          "pending": [],
          "skipped": [],
          "duration": 2954,
          "root": false,
          "rootEmpty": false,
          "_timeout": 2000
        }
      ],
      "passes": [],
      "failures": [],
      "pending": [],
      "skipped": [],
      "duration": 0,
      "root": true,
      "rootEmpty": true,
      "_timeout": 2000
    },
    {
      "uuid": "6b0f83be-dda3-4cec-bfe4-2efe4022261f",
      "title": "",
      "fullFile": "cypress/integration/webdriveruni/contact-us.js",
      "file": "cypress/integration/webdriveruni/contact-us.js",
      "beforeHooks": [],
      "afterHooks": [],
      "tests": [],
      "suites": [
        {
          "uuid": "34e1b2e1-837f-4ae1-906e-fa537fd971fb",
          "title": "test contact us form via web driver uni",
          "fullFile": "",
          "file": "",
          "beforeHooks": [],
          "afterHooks": [],
          "tests": [
            {
              "title": "should be able to able to submit a successful submission via contact us form",
              "fullTitle": "test contact us form via web driver uni should be able to able to submit a successful submission via contact us form",
              "timedOut": null,
              "duration": 34113,
              "state": "failed",
              "speed": null,
              "pass": false,
              "fail": true,
              "pending": false,
              "context": null,
              "code": "cy.document().should('have.property', 'charset').and('eq', 'UTF-8'); // cy.title().should('include','WebDriver | Contact Us');\n// cy.url().should('include','contactus');\nconst contact_Us_PO = new _Contact_Us_PO.default();\ncontact_Us_PO.contactForm_Submission(data.firstName, data.lastName, \" \", \"i am tewster\", 'h1', 'Thank You for your Message!');",
              "err": {
                "message": "CypressError: `cy.screenshot()` timed out waiting `30000ms` to complete.",
                "estack": "CypressError: `cy.screenshot()` timed out waiting `30000ms` to complete.\n    at http://www.webdriveruniversity.com/__cypress/runner/cypress_runner.js:160713:81\n    at tryCatcher (http://www.webdriveruniversity.com/__cypress/runner/cypress_runner.js:13196:23)\n    at http://www.webdriveruniversity.com/__cypress/runner/cypress_runner.js:8318:41\n    at tryCatcher (http://www.webdriveruniversity.com/__cypress/runner/cypress_runner.js:13196:23)\n    at Promise._settlePromiseFromHandler (http://www.webdriveruniversity.com/__cypress/runner/cypress_runner.js:11131:31)\n    at Promise._settlePromise (http://www.webdriveruniversity.com/__cypress/runner/cypress_runner.js:11188:18)\n    at Promise._settlePromise0 (http://www.webdriveruniversity.com/__cypress/runner/cypress_runner.js:11233:10)\n    at Promise._settlePromises (http://www.webdriveruniversity.com/__cypress/runner/cypress_runner.js:11309:18)\n    at _drainQueueStep (http://www.webdriveruniversity.com/__cypress/runner/cypress_runner.js:7903:12)\n    at _drainQueue (http://www.webdriveruniversity.com/__cypress/runner/cypress_runner.js:7896:9)\n    at Async.../../node_modules/bluebird/js/release/async.js.Async._drainQueues (http://www.webdriveruniversity.com/__cypress/runner/cypress_runner.js:7912:5)\n    at Async.drainQueues (http://www.webdriveruniversity.com/__cypress/runner/cypress_runner.js:7782:14)",
                "diff": null
              },
              "uuid": "77e5b276-ec1c-408e-a9c9-7ac374a13c46",
              "parentUUID": "34e1b2e1-837f-4ae1-906e-fa537fd971fb",
              "isHook": false,
              "skipped": false
            },
            {
              "title": "should not be able to able to submit a successful submission via contact us form as all fileds are required",
              "fullTitle": "test contact us form via web driver uni should not be able to able to submit a successful submission via contact us form as all fileds are required",
              "timedOut": null,
              "duration": 31348,
              "state": "failed",
              "speed": null,
              "pass": false,
              "fail": true,
              "pending": false,
              "context": null,
              "code": "cy.visit(\"http://www.webdriveruniversity.com/\");\ncy.get(\"#contact-us\").invoke('removeAttr', 'target').click({\n  force: true\n});\nconst contact_Us_PO = new _Contact_Us_PO.default();\ncy.webdriverUni_ContactUsForm_submission(Cypress.env(\"first_name\"), data.last_name, \" \", \"i am tewster\", 'body', 'Error: Invalid email address');",
              "err": {
                "message": "CypressError: `cy.screenshot()` timed out waiting `30000ms` to complete.",
                "estack": "CypressError: `cy.screenshot()` timed out waiting `30000ms` to complete.\n    at http://www.webdriveruniversity.com/__cypress/runner/cypress_runner.js:160713:81\n    at tryCatcher (http://www.webdriveruniversity.com/__cypress/runner/cypress_runner.js:13196:23)\n    at http://www.webdriveruniversity.com/__cypress/runner/cypress_runner.js:8318:41\n    at tryCatcher (http://www.webdriveruniversity.com/__cypress/runner/cypress_runner.js:13196:23)\n    at Promise._settlePromiseFromHandler (http://www.webdriveruniversity.com/__cypress/runner/cypress_runner.js:11131:31)\n    at Promise._settlePromise (http://www.webdriveruniversity.com/__cypress/runner/cypress_runner.js:11188:18)\n    at Promise._settlePromise0 (http://www.webdriveruniversity.com/__cypress/runner/cypress_runner.js:11233:10)\n    at Promise._settlePromises (http://www.webdriveruniversity.com/__cypress/runner/cypress_runner.js:11309:18)\n    at _drainQueueStep (http://www.webdriveruniversity.com/__cypress/runner/cypress_runner.js:7903:12)\n    at _drainQueue (http://www.webdriveruniversity.com/__cypress/runner/cypress_runner.js:7896:9)\n    at Async.../../node_modules/bluebird/js/release/async.js.Async._drainQueues (http://www.webdriveruniversity.com/__cypress/runner/cypress_runner.js:7912:5)\n    at Async.drainQueues (http://www.webdriveruniversity.com/__cypress/runner/cypress_runner.js:7782:14)",
                "diff": null
              },
              "uuid": "53544eaa-b374-4c0b-b774-603b4959918a",
              "parentUUID": "34e1b2e1-837f-4ae1-906e-fa537fd971fb",
              "isHook": false,
              "skipped": false
            }
          ],
          "suites": [],
          "passes": [],
          "failures": [
            "77e5b276-ec1c-408e-a9c9-7ac374a13c46",
            "53544eaa-b374-4c0b-b774-603b4959918a"
          ],
          "pending": [],
          "skipped": [],
          "duration": 65461,
          "root": false,
          "rootEmpty": false,
          "_timeout": 2000
        }
      ],
      "passes": [],
      "failures": [],
      "pending": [],
      "skipped": [],
      "duration": 0,
      "root": true,
      "rootEmpty": true,
      "_timeout": 2000
    },
    {
      "uuid": "785ce49e-9faf-43d0-838e-1affd506edf0",
      "title": "",
      "fullFile": "cypress/integration/webdriveruni/data-table.js",
      "file": "cypress/integration/webdriveruni/data-table.js",
      "beforeHooks": [],
      "afterHooks": [],
      "tests": [],
      "suites": [
        {
          "uuid": "5b06318c-4bd4-4c79-95f9-5bde52329c6f",
          "title": "Handling data via webdriverUni",
          "fullFile": "",
          "file": "",
          "beforeHooks": [],
          "afterHooks": [],
          "tests": [
            {
              "title": "Calculate and assert age of a given user based on the last name",
              "fullTitle": "Handling data via webdriverUni Calculate and assert age of a given user based on the last name",
              "timedOut": null,
              "duration": 2666,
              "state": "passed",
              "speed": "fast",
              "pass": true,
              "fail": false,
              "pending": false,
              "context": null,
              "code": "cy.get(\"#thumbnail-1 tr  td:nth-child(2)\").each(($el, index, $list) => {\n  const text = $el.text();\n  if (text.includes(\"Woods\")) {\n    cy.get(\"#thumbnail-1 tr  td:nth-child(2)\").eq(index).next().then(function (age) {\n      const userAge = age.text();\n      expect(userAge).to.equal(\"80\");\n    });\n  }\n});",
              "err": {},
              "uuid": "94df7c68-ad9d-4a9e-9d51-3859777ff7e1",
              "parentUUID": "5b06318c-4bd4-4c79-95f9-5bde52329c6f",
              "isHook": false,
              "skipped": false
            }
          ],
          "suites": [],
          "passes": [
            "94df7c68-ad9d-4a9e-9d51-3859777ff7e1"
          ],
          "failures": [],
          "pending": [],
          "skipped": [],
          "duration": 2666,
          "root": false,
          "rootEmpty": false,
          "_timeout": 2000
        }
      ],
      "passes": [],
      "failures": [],
      "pending": [],
      "skipped": [],
      "duration": 0,
      "root": true,
      "rootEmpty": true,
      "_timeout": 2000
    },
    {
      "uuid": "e835caf3-24b0-445a-bbb3-2403b4ddb416",
      "title": "",
      "fullFile": "cypress/integration/webdriveruni/date-picker.js",
      "file": "cypress/integration/webdriveruni/date-picker.js",
      "beforeHooks": [],
      "afterHooks": [],
      "tests": [],
      "suites": [
        {
          "uuid": "283851dd-9bf7-403b-bfbc-9ea113c85f2b",
          "title": "Test DatePicker via webDriverUni",
          "fullFile": "",
          "file": "",
          "beforeHooks": [],
          "afterHooks": [],
          "tests": [
            {
              "title": "Select date from datePicker",
              "fullTitle": "Test DatePicker via webDriverUni Select date from datePicker",
              "timedOut": null,
              "duration": 4105,
              "state": "passed",
              "speed": "fast",
              "pass": true,
              "fail": false,
              "pending": false,
              "context": null,
              "code": "cy.visit(\"http://www.webdriveruniversity.com/\");\ncy.get(\"#datepicker\").invoke(\"removeAttr\", 'target').click();\ncy.get(\"#datepicker\").click();\nvar date = new Date();\ndate.setDate(date.getDate() + 320);\nvar futureYear = date.getFullYear();\nvar futureMonth = date.toLocaleString(\"default\", {\n  month: \"long\"\n});\nvar futureDay = date.getDate();\nfunction selectMonthYear() {\n  cy.get(\".datepicker-dropdown\").find(\".datepicker-switch\").first().then(currentDate => {\n    if (!currentDate.text().includes(futureYear)) {\n      cy.get('.next').first().click();\n      selectMonthYear();\n    }\n  }).then(() => {\n    cy.get(\".datepicker-dropdown\").find(\".datepicker-switch\").first().then(currentDate => {\n      if (!currentDate.text().includes(futureMonth)) {\n        cy.get('.next').first().click();\n        selectMonthYear();\n      }\n    });\n  });\n}\nfunction selectFutureDay() {\n  cy.get('[class=\"day\"]').contains(futureDay).click();\n}\nselectMonthYear();\nselectFutureDay();",
              "err": {},
              "uuid": "f3b42522-9900-4e33-b176-274b80f5b965",
              "parentUUID": "283851dd-9bf7-403b-bfbc-9ea113c85f2b",
              "isHook": false,
              "skipped": false
            }
          ],
          "suites": [],
          "passes": [
            "f3b42522-9900-4e33-b176-274b80f5b965"
          ],
          "failures": [],
          "pending": [],
          "skipped": [],
          "duration": 4105,
          "root": false,
          "rootEmpty": false,
          "_timeout": 2000
        }
      ],
      "passes": [],
      "failures": [],
      "pending": [],
      "skipped": [],
      "duration": 0,
      "root": true,
      "rootEmpty": true,
      "_timeout": 2000
    },
    {
      "uuid": "945e34a2-4ff3-4881-a5c0-68879b107b6a",
      "title": "",
      "fullFile": "cypress/integration/webdriveruni/dropdown-list.js",
      "file": "cypress/integration/webdriveruni/dropdown-list.js",
      "beforeHooks": [],
      "afterHooks": [],
      "tests": [],
      "suites": [
        {
          "uuid": "f00d7cde-83a9-4bdf-8258-bdade6ee0915",
          "title": "interact with Dropdown list via webdriverUni",
          "fullFile": "",
          "file": "",
          "beforeHooks": [],
          "afterHooks": [],
          "tests": [
            {
              "title": "Select Specific value",
              "fullTitle": "interact with Dropdown list via webdriverUni Select Specific value",
              "timedOut": null,
              "duration": 2320,
              "state": "passed",
              "speed": "fast",
              "pass": true,
              "fail": false,
              "pending": false,
              "context": null,
              "code": "cy.visit(\"http://www.webdriveruniversity.com/\");\ncy.get(\"#dropdown-checkboxes-radiobuttons\").invoke(\"removeAttr\", 'target').click({\n  force: true\n});\ncy.get('#dropdowm-menu-1').select('c#');\ncy.get('#dropdowm-menu-2').select('testng').should('have.value', 'testng');\ncy.get('#dropdowm-menu-3').select('jquery').contains('JQuery');\ncy.get('#dropdowm-menu-2').select('maven').should('have.value', 'maven');\ncy.get('#dropdowm-menu-2').select('TestNG').contains('TestNG');",
              "err": {},
              "uuid": "6087a489-1fa9-45d6-8ef8-dd20085dd442",
              "parentUUID": "f00d7cde-83a9-4bdf-8258-bdade6ee0915",
              "isHook": false,
              "skipped": false
            }
          ],
          "suites": [],
          "passes": [
            "6087a489-1fa9-45d6-8ef8-dd20085dd442"
          ],
          "failures": [],
          "pending": [],
          "skipped": [],
          "duration": 2320,
          "root": false,
          "rootEmpty": false,
          "_timeout": 2000
        }
      ],
      "passes": [],
      "failures": [],
      "pending": [],
      "skipped": [],
      "duration": 0,
      "root": true,
      "rootEmpty": true,
      "_timeout": 2000
    },
    {
      "uuid": "a7da2e68-f152-42da-92d6-e0b1a492f40a",
      "title": "",
      "fullFile": "cypress/integration/webdriveruni/file-upload.js",
      "file": "cypress/integration/webdriveruni/file-upload.js",
      "beforeHooks": [],
      "afterHooks": [],
      "tests": [],
      "suites": [
        {
          "uuid": "f7f94627-3912-4206-a344-ea661a22e738",
          "title": "Test file upload via webdriverUni",
          "fullFile": "",
          "file": "",
          "beforeHooks": [],
          "afterHooks": [],
          "tests": [
            {
              "title": "Upload a file",
              "fullTitle": "Test file upload via webdriverUni Upload a file",
              "timedOut": null,
              "duration": 1685,
              "state": "passed",
              "speed": "fast",
              "pass": true,
              "fail": false,
              "pending": false,
              "context": null,
              "code": "cy.visit(\"http://www.webdriveruniversity.com/\");\ncy.get(\"#file-upload\").invoke(\"removeAttr\", 'target').click({\n  force: true\n});\ncy.fixture('laptop.png', \"base64\").then(fileContent => {\n  cy.get(\"#myFile\").attachFile({\n    fileContent,\n    fileName: \"laptop.png\",\n    mimeType: \"image/png\"\n  }, {\n    uploadType: \"input\"\n  });\n});\ncy.get(\"#submit-button\").click();",
              "err": {},
              "uuid": "3c11bd78-713f-4b66-8d82-9a57710c82be",
              "parentUUID": "f7f94627-3912-4206-a344-ea661a22e738",
              "isHook": false,
              "skipped": false
            },
            {
              "title": "No file Upload",
              "fullTitle": "Test file upload via webdriverUni No file Upload",
              "timedOut": null,
              "duration": 605,
              "state": "passed",
              "speed": "fast",
              "pass": true,
              "fail": false,
              "pending": false,
              "context": null,
              "code": "cy.visit(\"http://www.webdriveruniversity.com/\");\ncy.get(\"#file-upload\").invoke(\"removeAttr\", 'target').click({\n  force: true\n});\ncy.get(\"#submit-button\").click();",
              "err": {},
              "uuid": "3306dfae-58c5-4c8b-baad-484f8d16da57",
              "parentUUID": "f7f94627-3912-4206-a344-ea661a22e738",
              "isHook": false,
              "skipped": false
            }
          ],
          "suites": [],
          "passes": [
            "3c11bd78-713f-4b66-8d82-9a57710c82be",
            "3306dfae-58c5-4c8b-baad-484f8d16da57"
          ],
          "failures": [],
          "pending": [],
          "skipped": [],
          "duration": 2290,
          "root": false,
          "rootEmpty": false,
          "_timeout": 2000
        }
      ],
      "passes": [],
      "failures": [],
      "pending": [],
      "skipped": [],
      "duration": 0,
      "root": true,
      "rootEmpty": true,
      "_timeout": 2000
    },
    {
      "uuid": "67178ea5-9364-42fe-af29-4c53dcd54d1d",
      "title": "",
      "fullFile": "cypress/integration/webdriveruni/hooks.js",
      "file": "cypress/integration/webdriveruni/hooks.js",
      "beforeHooks": [],
      "afterHooks": [],
      "tests": [],
      "suites": [
        {
          "uuid": "9fbacb83-54fa-4e80-abe6-53c27723eba9",
          "title": "Hooks",
          "fullFile": "",
          "file": "",
          "beforeHooks": [],
          "afterHooks": [],
          "tests": [
            {
              "title": "Example test1",
              "fullTitle": "Hooks Example test1",
              "timedOut": null,
              "duration": 22,
              "state": "passed",
              "speed": "fast",
              "pass": true,
              "fail": false,
              "pending": false,
              "context": null,
              "code": "cy.log(\"Example test1!\");",
              "err": {},
              "uuid": "82bb4ade-c493-424c-905c-46176596e425",
              "parentUUID": "9fbacb83-54fa-4e80-abe6-53c27723eba9",
              "isHook": false,
              "skipped": false
            },
            {
              "title": "Example test2",
              "fullTitle": "Hooks Example test2",
              "timedOut": null,
              "duration": 9,
              "state": "passed",
              "speed": "fast",
              "pass": true,
              "fail": false,
              "pending": false,
              "context": null,
              "code": "cy.log(\"Example test2!\");",
              "err": {},
              "uuid": "9e359979-e627-42f6-8b5c-82768b1d2140",
              "parentUUID": "9fbacb83-54fa-4e80-abe6-53c27723eba9",
              "isHook": false,
              "skipped": false
            }
          ],
          "suites": [],
          "passes": [
            "82bb4ade-c493-424c-905c-46176596e425",
            "9e359979-e627-42f6-8b5c-82768b1d2140"
          ],
          "failures": [],
          "pending": [],
          "skipped": [],
          "duration": 31,
          "root": false,
          "rootEmpty": false,
          "_timeout": 2000
        }
      ],
      "passes": [],
      "failures": [],
      "pending": [],
      "skipped": [],
      "duration": 0,
      "root": true,
      "rootEmpty": true,
      "_timeout": 2000
    },
    {
      "uuid": "514bc7b3-fc48-436b-8d7b-af17f92df722",
      "title": "",
      "fullFile": "cypress/integration/webdriveruni/iframe.js",
      "file": "cypress/integration/webdriveruni/iframe.js",
      "beforeHooks": [],
      "afterHooks": [],
      "tests": [],
      "suites": [
        {
          "uuid": "96d481e8-27ad-42fd-878a-0b3d71628a60",
          "title": "Handling Iframe and Models",
          "fullFile": "",
          "file": "",
          "beforeHooks": [],
          "afterHooks": [],
          "tests": [
            {
              "title": "Handle wendriverUni iframe  and Model",
              "fullTitle": "Handling Iframe and Models Handle wendriverUni iframe  and Model",
              "timedOut": null,
              "duration": 2438,
              "state": "passed",
              "speed": "fast",
              "pass": true,
              "fail": false,
              "pending": false,
              "context": null,
              "code": "cy.visit(\"http://www.webdriveruniversity.com/\");\ncy.get(\"#iframe\").invoke(\"removeAttr\", 'target').click({\n  force: true\n});\ncy.get('#frame').then($iframe => {\n  const body = $iframe.contents().find('body');\n  cy.wrap(body).as('iframe');\n});\ncy.get('@iframe').find('#button-find-out-more').click();\ncy.get('@iframe').find('#myModal').as('modal');\ncy.get('@modal').should($expectedText => {\n  const text = $expectedText.text();\n  expect(text).to.include('Welcome to webdriveruniversity.com we sell a wide range of electrical goods such as laptops, game consoles, cameras...');\n});\ncy.get('@modal').contains('Close').click();",
              "err": {},
              "uuid": "65f11204-70a9-4858-9cc5-6175e7ee2730",
              "parentUUID": "96d481e8-27ad-42fd-878a-0b3d71628a60",
              "isHook": false,
              "skipped": false
            }
          ],
          "suites": [],
          "passes": [
            "65f11204-70a9-4858-9cc5-6175e7ee2730"
          ],
          "failures": [],
          "pending": [],
          "skipped": [],
          "duration": 2438,
          "root": false,
          "rootEmpty": false,
          "_timeout": 2000
        }
      ],
      "passes": [],
      "failures": [],
      "pending": [],
      "skipped": [],
      "duration": 0,
      "root": true,
      "rootEmpty": true,
      "_timeout": 2000
    },
    {
      "uuid": "88db6bfe-b2e7-4955-a36b-5867e7688c8e",
      "title": "",
      "fullFile": "cypress/integration/webdriveruni/js-alerts.js",
      "file": "cypress/integration/webdriveruni/js-alerts.js",
      "beforeHooks": [],
      "afterHooks": [],
      "tests": [],
      "suites": [
        {
          "uuid": "d7f374be-11c4-42a3-a923-48bb57a76569",
          "title": "Handle js alerts",
          "fullFile": "",
          "file": "",
          "beforeHooks": [],
          "afterHooks": [],
          "tests": [
            {
              "title": "validate js alert  box using stub",
              "fullTitle": "Handle js alerts validate js alert  box using stub",
              "timedOut": null,
              "duration": 1527,
              "state": "passed",
              "speed": "fast",
              "pass": true,
              "fail": false,
              "pending": false,
              "context": null,
              "code": "cy.visit(\"http://www.webdriveruniversity.com/\");\ncy.get(\"#popup-alerts\").invoke('removeAttr', 'target').click({\n  force: true\n});\nconst stub = cy.stub();\ncy.on('window:confirm', stub);\ncy.get(\"#button4\").click().then(() => {\n  expect(stub.getCall(0)).to.be.calledWith('Press a button!');\n}).then(() => {\n  return true;\n}).then(() => {\n  cy.get('#confirm-alert-text').contains('You pressed OK!');\n});",
              "err": {},
              "uuid": "0fc7db0c-2fa5-466c-b3c3-88519d0ed6c9",
              "parentUUID": "d7f374be-11c4-42a3-a923-48bb57a76569",
              "isHook": false,
              "skipped": false
            }
          ],
          "suites": [],
          "passes": [
            "0fc7db0c-2fa5-466c-b3c3-88519d0ed6c9"
          ],
          "failures": [],
          "pending": [],
          "skipped": [],
          "duration": 1527,
          "root": false,
          "rootEmpty": false,
          "_timeout": 2000
        }
      ],
      "passes": [],
      "failures": [],
      "pending": [],
      "skipped": [],
      "duration": 0,
      "root": true,
      "rootEmpty": true,
      "_timeout": 2000
    },
    {
      "uuid": "fd79e803-5305-4136-8024-695390611593",
      "title": "",
      "fullFile": "cypress/integration/webdriveruni/mouse-actions.js",
      "file": "cypress/integration/webdriveruni/mouse-actions.js",
      "beforeHooks": [],
      "afterHooks": [],
      "tests": [],
      "suites": [
        {
          "uuid": "fa52cdee-145c-4332-b8b8-b3cea204a505",
          "title": "Test mouse actions",
          "fullFile": "",
          "file": "",
          "beforeHooks": [],
          "afterHooks": [],
          "tests": [
            {
              "title": "I should be able to click and hold down the item",
              "fullTitle": "Test mouse actions I should be able to click and hold down the item",
              "timedOut": null,
              "duration": 2114,
              "state": "passed",
              "speed": "fast",
              "pass": true,
              "fail": false,
              "pending": false,
              "context": null,
              "code": "cy.visit(\"http://www.webdriveruniversity.com/\");\ncy.get(\"#actions\").scrollIntoView().invoke(\"removeAttr\", 'target').click({\n  force: true\n});\ncy.get(\"#click-box\").trigger(\"mousedown\", {\n  which: 1\n}).then($element => {\n  expect($element).to.have.css(\"background-color\", \"rgb(0, 255, 0)\");\n});",
              "err": {},
              "uuid": "31beeaff-ff90-4121-a2bf-31634ee58917",
              "parentUUID": "fa52cdee-145c-4332-b8b8-b3cea204a505",
              "isHook": false,
              "skipped": false
            }
          ],
          "suites": [],
          "passes": [
            "31beeaff-ff90-4121-a2bf-31634ee58917"
          ],
          "failures": [],
          "pending": [],
          "skipped": [],
          "duration": 2114,
          "root": false,
          "rootEmpty": false,
          "_timeout": 2000
        }
      ],
      "passes": [],
      "failures": [],
      "pending": [],
      "skipped": [],
      "duration": 0,
      "root": true,
      "rootEmpty": true,
      "_timeout": 2000
    },
    {
      "uuid": "fad7ec0a-3bff-41b7-986f-153b04a874cf",
      "title": "",
      "fullFile": "cypress/integration/webdriveruni/radio.js",
      "file": "cypress/integration/webdriveruni/radio.js",
      "beforeHooks": [],
      "afterHooks": [],
      "tests": [],
      "suites": [
        {
          "uuid": "834f3b4d-c698-408d-b3bf-b529a144df73",
          "title": "Verify Radio buttons via webdriverUni",
          "fullFile": "",
          "file": "",
          "beforeHooks": [],
          "afterHooks": [],
          "tests": [
            {
              "title": "check and validate Radio button",
              "fullTitle": "Verify Radio buttons via webdriverUni check and validate Radio button",
              "timedOut": null,
              "duration": 1641,
              "state": "passed",
              "speed": "fast",
              "pass": true,
              "fail": false,
              "pending": false,
              "context": null,
              "code": "cy.get('#radio-buttons').find(\"[type='radio']\").as('radioBtn');\ncy.get('@radioBtn').first().check();\ncy.get('@radioBtn').eq(3).check();",
              "err": {},
              "uuid": "7cfd682c-e08a-4f27-aa23-00701998e743",
              "parentUUID": "834f3b4d-c698-408d-b3bf-b529a144df73",
              "isHook": false,
              "skipped": false
            },
            {
              "title": "check and validate state of  Radio button",
              "fullTitle": "Verify Radio buttons via webdriverUni check and validate state of  Radio button",
              "timedOut": null,
              "duration": 152,
              "state": "passed",
              "speed": "fast",
              "pass": true,
              "fail": false,
              "pending": false,
              "context": null,
              "code": "cy.get(\"[value='lettuce']\").should('not.be.checked');\ncy.get(\"[value='pumpkin']\").should('be.checked');\ncy.get(\"[value='lettuce']\").check();\ncy.get(\"[value='lettuce']\").should('be.checked');\ncy.get(\"[value='pumpkin']\").should('not.be.checked');\ncy.get(\"[value='cabbage']\").should('be.disabled');",
              "err": {},
              "uuid": "c4788dc8-0bb4-4f77-9f3e-a497026bfce3",
              "parentUUID": "834f3b4d-c698-408d-b3bf-b529a144df73",
              "isHook": false,
              "skipped": false
            }
          ],
          "suites": [],
          "passes": [
            "7cfd682c-e08a-4f27-aa23-00701998e743",
            "c4788dc8-0bb4-4f77-9f3e-a497026bfce3"
          ],
          "failures": [],
          "pending": [],
          "skipped": [],
          "duration": 1793,
          "root": false,
          "rootEmpty": false,
          "_timeout": 2000
        }
      ],
      "passes": [],
      "failures": [],
      "pending": [],
      "skipped": [],
      "duration": 0,
      "root": true,
      "rootEmpty": true,
      "_timeout": 2000
    },
    {
      "uuid": "6d095d4b-dca5-4c3e-aeb7-af733f9067d3",
      "title": "",
      "fullFile": "cypress/integration/webdriveruni/traversing-elements.js",
      "file": "cypress/integration/webdriveruni/traversing-elements.js",
      "beforeHooks": [],
      "afterHooks": [],
      "tests": [],
      "suites": [
        {
          "uuid": "b23a79bd-682a-4320-90c8-fa61a7743345",
          "title": "Traversing DOM elements in Cypress",
          "fullFile": "",
          "file": "",
          "beforeHooks": [],
          "afterHooks": [],
          "tests": [
            {
              "title": "children() to get the children of DOM elements",
              "fullTitle": "Traversing DOM elements in Cypress children() to get the children of DOM elements",
              "timedOut": null,
              "duration": 2574,
              "state": "passed",
              "speed": "fast",
              "pass": true,
              "fail": false,
              "pending": false,
              "context": null,
              "code": "cy.get('.traversal-breadcrumb').children('.active').should('contain', 'Contact Us');",
              "err": {},
              "uuid": "0eb1bea8-e071-4cbb-8500-9d0429942f2a",
              "parentUUID": "b23a79bd-682a-4320-90c8-fa61a7743345",
              "isHook": false,
              "skipped": false
            },
            {
              "title": "closest() to validate the closest ancestor DOM element",
              "fullTitle": "Traversing DOM elements in Cypress closest() to validate the closest ancestor DOM element",
              "timedOut": null,
              "duration": 449,
              "state": "passed",
              "speed": "fast",
              "pass": true,
              "fail": false,
              "pending": false,
              "context": null,
              "code": "cy.get('.traversal-badge').closest('ul').should('have.class', 'list-group');",
              "err": {},
              "uuid": "ceef8557-e439-4194-8c0e-21789429ace0",
              "parentUUID": "b23a79bd-682a-4320-90c8-fa61a7743345",
              "isHook": false,
              "skipped": false
            },
            {
              "title": "eq() to retrieve a specific element based on index",
              "fullTitle": "Traversing DOM elements in Cypress eq() to retrieve a specific element based on index",
              "timedOut": null,
              "duration": 415,
              "state": "passed",
              "speed": "fast",
              "pass": true,
              "fail": false,
              "pending": false,
              "context": null,
              "code": "cy.get('.traversal-drinks-list > *').eq(2).should('contain', 'Milk');",
              "err": {},
              "uuid": "960b55af-7d1e-42db-b30d-5831d8a0402f",
              "parentUUID": "b23a79bd-682a-4320-90c8-fa61a7743345",
              "isHook": false,
              "skipped": false
            },
            {
              "title": "filter() to retrieve DOM elements that match a specific selector",
              "fullTitle": "Traversing DOM elements in Cypress filter() to retrieve DOM elements that match a specific selector",
              "timedOut": null,
              "duration": 428,
              "state": "passed",
              "speed": "fast",
              "pass": true,
              "fail": false,
              "pending": false,
              "context": null,
              "code": "cy.get('.btn-group-toggle > *').filter('.active').should('contain', 'Button-1');",
              "err": {},
              "uuid": "aaf8aa48-11c1-46b6-96f3-a478b680002d",
              "parentUUID": "b23a79bd-682a-4320-90c8-fa61a7743345",
              "isHook": false,
              "skipped": false
            },
            {
              "title": "find() to retrieve DOM elements of a given selector",
              "fullTitle": "Traversing DOM elements in Cypress find() to retrieve DOM elements of a given selector",
              "timedOut": null,
              "duration": 414,
              "state": "passed",
              "speed": "fast",
              "pass": true,
              "fail": false,
              "pending": false,
              "context": null,
              "code": "cy.get('.traversal-pagination').find('li').find('a').should('have.length', 7);",
              "err": {},
              "uuid": "ca8a21a3-15c3-4ce8-acfa-a124267aac88",
              "parentUUID": "b23a79bd-682a-4320-90c8-fa61a7743345",
              "isHook": false,
              "skipped": false
            },
            {
              "title": "first() to retrieve the first DOM element within elements ",
              "fullTitle": "Traversing DOM elements in Cypress first() to retrieve the first DOM element within elements ",
              "timedOut": null,
              "duration": 396,
              "state": "passed",
              "speed": "fast",
              "pass": true,
              "fail": false,
              "pending": false,
              "context": null,
              "code": "cy.get('.traversal-table > tbody > tr > td').first().should('contain', 'Andy');",
              "err": {},
              "uuid": "f7f7230d-97e3-414e-9938-54db91a3ec68",
              "parentUUID": "b23a79bd-682a-4320-90c8-fa61a7743345",
              "isHook": false,
              "skipped": false
            },
            {
              "title": "last() to retrieve the last DOM element within elements",
              "fullTitle": "Traversing DOM elements in Cypress last() to retrieve the last DOM element within elements",
              "timedOut": null,
              "duration": 374,
              "state": "passed",
              "speed": "fast",
              "pass": true,
              "fail": false,
              "pending": false,
              "context": null,
              "code": "cy.get('.traversal-table > tbody > tr > td').last().should('contain', 'Scott');",
              "err": {},
              "uuid": "f103102e-530e-4bd3-8d7f-f3c062282a5b",
              "parentUUID": "b23a79bd-682a-4320-90c8-fa61a7743345",
              "isHook": false,
              "skipped": false
            },
            {
              "title": "nextAll() to get all of the next sibling DOM elements within elements",
              "fullTitle": "Traversing DOM elements in Cypress nextAll() to get all of the next sibling DOM elements within elements",
              "timedOut": null,
              "duration": 409,
              "state": "passed",
              "speed": "fast",
              "pass": true,
              "fail": false,
              "pending": false,
              "context": null,
              "code": "cy.get('.traversal-drinks-list').contains('Tea').nextAll().should('have.length', '3');",
              "err": {},
              "uuid": "cc05bebe-344e-4fc2-8517-4c2723fa0d7d",
              "parentUUID": "b23a79bd-682a-4320-90c8-fa61a7743345",
              "isHook": false,
              "skipped": false
            },
            {
              "title": "nextUntil() to get all of the next sibling DOM elements within elements until another element",
              "fullTitle": "Traversing DOM elements in Cypress nextUntil() to get all of the next sibling DOM elements within elements until another element",
              "timedOut": null,
              "duration": 402,
              "state": "passed",
              "speed": "fast",
              "pass": true,
              "fail": false,
              "pending": false,
              "context": null,
              "code": "cy.get('#coffee').nextUntil('#milk');",
              "err": {},
              "uuid": "8f24ce39-48e6-4de3-b617-d4ab992aa616",
              "parentUUID": "b23a79bd-682a-4320-90c8-fa61a7743345",
              "isHook": false,
              "skipped": false
            },
            {
              "title": "not() to remove DOM element(s) from the set of elements",
              "fullTitle": "Traversing DOM elements in Cypress not() to remove DOM element(s) from the set of elements",
              "timedOut": null,
              "duration": 446,
              "state": "passed",
              "speed": "fast",
              "pass": true,
              "fail": false,
              "pending": false,
              "context": null,
              "code": "cy.get('.traversal-button-states > button').not('.disabled').should('not.have.class', 'disabled');",
              "err": {},
              "uuid": "629b75db-0ff5-49c3-b1ac-115f6aacc428",
              "parentUUID": "b23a79bd-682a-4320-90c8-fa61a7743345",
              "isHook": false,
              "skipped": false
            },
            {
              "title": "parent() To get parent DOM element of elements",
              "fullTitle": "Traversing DOM elements in Cypress parent() To get parent DOM element of elements",
              "timedOut": null,
              "duration": 385,
              "state": "passed",
              "speed": "fast",
              "pass": true,
              "fail": false,
              "pending": false,
              "context": null,
              "code": "cy.get('.traversal-mark').parent().should('contain', 'Lorem ipsum dolor sit amet');",
              "err": {},
              "uuid": "44ea76b3-6304-4463-8de7-682613e3d54d",
              "parentUUID": "b23a79bd-682a-4320-90c8-fa61a7743345",
              "isHook": false,
              "skipped": false
            },
            {
              "title": "parents() to get parents DOM element of elements",
              "fullTitle": "Traversing DOM elements in Cypress parents() to get parents DOM element of elements",
              "timedOut": null,
              "duration": 378,
              "state": "passed",
              "speed": "fast",
              "pass": true,
              "fail": false,
              "pending": false,
              "context": null,
              "code": "cy.get('.traversal-cite').parents().should('match', 'blockquote');",
              "err": {},
              "uuid": "9c9bf21e-5d97-4f30-85ad-8ec1bcc20854",
              "parentUUID": "b23a79bd-682a-4320-90c8-fa61a7743345",
              "isHook": false,
              "skipped": false
            },
            {
              "title": "prev() to get the previous sibling DOM element within elements",
              "fullTitle": "Traversing DOM elements in Cypress prev() to get the previous sibling DOM element within elements",
              "timedOut": null,
              "duration": 383,
              "state": "passed",
              "speed": "fast",
              "pass": true,
              "fail": false,
              "pending": false,
              "context": null,
              "code": "cy.get('#sugar').prev().contains('Espresso');",
              "err": {},
              "uuid": "ec5d9a1d-3049-455b-99a5-cf4a4b08d552",
              "parentUUID": "b23a79bd-682a-4320-90c8-fa61a7743345",
              "isHook": false,
              "skipped": false
            },
            {
              "title": "prevAll() to get all previous sibling DOM elements within elements",
              "fullTitle": "Traversing DOM elements in Cypress prevAll() to get all previous sibling DOM elements within elements",
              "timedOut": null,
              "duration": 388,
              "state": "passed",
              "speed": "fast",
              "pass": true,
              "fail": false,
              "pending": false,
              "context": null,
              "code": "cy.get('.sales').prevAll().should('have.length', 2);",
              "err": {},
              "uuid": "18727511-7213-4220-a7b7-c8b299efff46",
              "parentUUID": "b23a79bd-682a-4320-90c8-fa61a7743345",
              "isHook": false,
              "skipped": false
            },
            {
              "title": "prevUntil() to get all previous sibling DOM elements within elements until other element",
              "fullTitle": "Traversing DOM elements in Cypress prevUntil() to get all previous sibling DOM elements within elements until other element",
              "timedOut": null,
              "duration": 417,
              "state": "passed",
              "speed": "fast",
              "pass": true,
              "fail": false,
              "pending": false,
              "context": null,
              "code": "cy.get('#veggie').prevUntil('#fruits').should('have.length', 5);",
              "err": {},
              "uuid": "ef7e0d7e-75e7-4d7a-968e-0861eb53a786",
              "parentUUID": "b23a79bd-682a-4320-90c8-fa61a7743345",
              "isHook": false,
              "skipped": false
            },
            {
              "title": "siblings() To get all sibling DOM elements of elements",
              "fullTitle": "Traversing DOM elements in Cypress siblings() To get all sibling DOM elements of elements",
              "timedOut": null,
              "duration": 477,
              "state": "passed",
              "speed": "fast",
              "pass": true,
              "fail": false,
              "pending": false,
              "context": null,
              "code": "cy.get('.traversal-button-other-states .active').siblings().should('have.length', 3);",
              "err": {},
              "uuid": "a69be04c-85f4-45ca-9661-3200a026241b",
              "parentUUID": "b23a79bd-682a-4320-90c8-fa61a7743345",
              "isHook": false,
              "skipped": false
            }
          ],
          "suites": [],
          "passes": [
            "0eb1bea8-e071-4cbb-8500-9d0429942f2a",
            "ceef8557-e439-4194-8c0e-21789429ace0",
            "960b55af-7d1e-42db-b30d-5831d8a0402f",
            "aaf8aa48-11c1-46b6-96f3-a478b680002d",
            "ca8a21a3-15c3-4ce8-acfa-a124267aac88",
            "f7f7230d-97e3-414e-9938-54db91a3ec68",
            "f103102e-530e-4bd3-8d7f-f3c062282a5b",
            "cc05bebe-344e-4fc2-8517-4c2723fa0d7d",
            "8f24ce39-48e6-4de3-b617-d4ab992aa616",
            "629b75db-0ff5-49c3-b1ac-115f6aacc428",
            "44ea76b3-6304-4463-8de7-682613e3d54d",
            "9c9bf21e-5d97-4f30-85ad-8ec1bcc20854",
            "ec5d9a1d-3049-455b-99a5-cf4a4b08d552",
            "18727511-7213-4220-a7b7-c8b299efff46",
            "ef7e0d7e-75e7-4d7a-968e-0861eb53a786",
            "a69be04c-85f4-45ca-9661-3200a026241b"
          ],
          "failures": [],
          "pending": [],
          "skipped": [],
          "duration": 8735,
          "root": false,
          "rootEmpty": false,
          "_timeout": 2000
        }
      ],
      "passes": [],
      "failures": [],
      "pending": [],
      "skipped": [],
      "duration": 0,
      "root": true,
      "rootEmpty": true,
      "_timeout": 2000
    },
    {
      "uuid": "65f77a4f-9bbc-4423-881c-3034034c8dbc",
      "title": "",
      "fullFile": "cypress/integration/automation-tester/alias-invoke.js",
      "file": "cypress/integration/automation-tester/alias-invoke.js",
      "beforeHooks": [],
      "afterHooks": [],
      "tests": [],
      "suites": [
        {
          "uuid": "5fb95bec-4879-42a9-b65c-029861a8b7c0",
          "title": "alias-invoke test",
          "fullFile": "",
          "file": "",
          "beforeHooks": [],
          "afterHooks": [],
          "tests": [
            {
              "title": "Calculate total of normal and sale products ",
              "fullTitle": "alias-invoke test Calculate total of normal and sale products ",
              "timedOut": null,
              "duration": 4352,
              "state": "passed",
              "speed": "fast",
              "pass": true,
              "fail": false,
              "pending": false,
              "context": null,
              "code": "cy.visit(\"https://www.automationteststore.com/\");\ncy.get('.thumbnail').as('productThumbnail'); // cy.get('@productThumbnail').find('.oneprice').each(($el, index, $list)=>{\n//     cy.log($el.text())\n// })\ncy.get('.thumbnail').find('.oneprice').invoke('text').as('itemPrice');\ncy.get('.thumbnail').find('.pricenew').invoke('text').as('saleItemPrice');\nvar itemsTotal = 0;\ncy.get('@itemPrice').then($linkText => {\n  var itemPriceTotal = 0;\n  var itemPrice = $linkText.split('$');\n  var i;\n  for (i = 0; i < itemPrice.length; i++) {\n    cy.log(itemPrice[i]);\n    itemPriceTotal += Number(itemPrice[i]);\n  }\n  itemsTotal += itemPriceTotal;\n  cy.log(\"Non sale price items total :\" + itemPriceTotal);\n});\ncy.get('@saleItemPrice').then($linkText => {\n  var saleItemsPrice = 0;\n  var saleItemPrice = $linkText.split('$');\n  var i;\n  for (i = 0; i < saleItemPrice.length; i++) {\n    cy.log(saleItemPrice[i]);\n    saleItemsPrice += Number(saleItemPrice[i]);\n  }\n  itemsTotal += saleItemsPrice;\n  cy.log(\"Sale price items total: \" + saleItemsPrice);\n}).then(() => {\n  cy.log(\"The total price of all products:\" + itemsTotal);\n  expect(itemsTotal).to.equal(648.5);\n});",
              "err": {},
              "uuid": "a875148f-2f9a-427d-b3e1-de9daed31f47",
              "parentUUID": "5fb95bec-4879-42a9-b65c-029861a8b7c0",
              "isHook": false,
              "skipped": false
            }
          ],
          "suites": [],
          "passes": [
            "a875148f-2f9a-427d-b3e1-de9daed31f47"
          ],
          "failures": [],
          "pending": [],
          "skipped": [],
          "duration": 4352,
          "root": false,
          "rootEmpty": false,
          "_timeout": 2000
        }
      ],
      "passes": [],
      "failures": [],
      "pending": [],
      "skipped": [],
      "duration": 0,
      "root": true,
      "rootEmpty": true,
      "_timeout": 2000
    }
  ],
  "meta": {
    "mocha": {
      "version": "7.0.1"
    },
    "mochawesome": {
      "options": {
        "quiet": false,
        "reportFilename": "mochawesome",
        "saveHtml": false,
        "saveJson": true,
        "consoleReporter": "spec",
        "useInlineDiffs": false,
        "code": true
      },
      "version": "7.0.1"
    },
    "marge": {
      "options": {
        "id": "default",
        "reportDir": "cypress/results/mochawesome",
        "quite": true,
        "overwrite": false,
        "html": false,
        "json": true
      },
      "version": "6.0.1"
    }
  }
}